[Tue 10/21/2025 17:57:02.12] No changes detected 
[Tue 10/21/2025 18:17:01.61] No changes detected 
[Tue 10/21/2025 18:27:01.65] No changes detected 
[Tue 10/21/2025 18:47:01.58] No changes detected 
[Tue 10/21/2025 19:07:01.58] No changes detected 
[Tue 10/21/2025 19:17:01.65] No changes detected 
[Tue 10/21/2025 19:27:01.71] No changes detected 
[Tue 10/21/2025 19:37:01.63] No changes detected 
[Tue 10/21/2025 19:47:02.39] No changes detected 
[Tue 10/21/2025 19:57:02.41] No changes detected 
[Tue 10/21/2025 20:07:02.43] No changes detected 
[Tue 10/21/2025 20:17:02.68] No changes detected 
[Tue 10/21/2025 20:37:02.42] No changes detected 
[Tue 10/21/2025 20:57:02.46] No changes detected 
[Wed 10/22/2025 18:37:02.74] No changes detected 
[Wed 10/22/2025 18:47:02.86] No changes detected 
[Wed 10/22/2025 18:57:02.10] No changes detected 
[Wed 10/22/2025 19:07:02.12] No changes detected 
[Thu 10/23/2025 17:47:02.54] No changes detected 
[Thu 10/23/2025 17:57:02.63] No changes detected 
[Thu 10/23/2025 18:07:02.30] No changes detected 
[Thu 10/23/2025 18:17:02.08] No changes detected 
[Thu 10/23/2025 18:37:02.83] No changes detected 
[Thu 10/23/2025 18:57:02.11] No changes detected 
[Thu 10/23/2025 19:47:02.78] No changes detected 
[Thu 10/23/2025 19:57:02.13] No changes detected 
[Thu 10/23/2025 20:07:02.25] No changes detected 
[Thu 10/23/2025 20:17:02.09] No changes detected 
[Thu 10/23/2025 20:27:02.01] No changes detected 
[Thu 10/23/2025 20:37:02.20] No changes detected 
[Thu 10/23/2025 20:47:02.18] No changes detected 
[Sat 10/25/2025 15:57:02.84] No changes detected 
[Sat 10/25/2025 16:07:06.73] No changes detected 
[Sat 10/25/2025 16:27:02.73] No changes detected 
[Sun 10/26/2025 10:27:02.70] No changes detected 
[Sun 10/26/2025 10:37:02.79] No changes detected 
[Sun 10/26/2025 10:47:02.01] No changes detected 
[Sun 10/26/2025 12:07:02.76] No changes detected 
[Sun 10/26/2025 12:17:02.04] No changes detected 
[Sun 10/26/2025 12:27:02.12] No changes detected 
[Sun 10/26/2025 12:57:02.24] No changes detected 
[Sun 10/26/2025 13:17:02.15] No changes detected 
[Sun 10/26/2025 13:37:01.53] No changes detected 
[Sun 10/26/2025 13:57:01.53] No changes detected 
[Sun 10/26/2025 14:17:01.76] No changes detected 
[Sun 10/26/2025 14:37:01.73] No changes detected 
[Sun 10/26/2025 14:57:01.74] No changes detected 
[Sun 10/26/2025 15:07:01.87] No changes detected 
[Sun 10/26/2025 15:27:01.85] No changes detected 
[Sun 10/26/2025 15:37:02.57] No changes detected 
[Sun 10/26/2025 15:47:01.78] No changes detected 
[Sun 10/26/2025 15:57:01.78] No changes detected 
[Sun 10/26/2025 16:07:01.69] No changes detected 
[Sun 10/26/2025 16:17:01.82] No changes detected 
[Sun 10/26/2025 19:37:02.15] No changes detected 
[Sun 10/26/2025 19:47:02.14] No changes detected 
[Sun 10/26/2025 19:57:02.10] No changes detected 
[Sun 10/26/2025 20:07:02.46] No changes detected 
[Sun 10/26/2025 20:27:02.13] No changes detected 
[Sun 10/26/2025 20:37:02.22] No changes detected 
[Mon 11/03/2025 13:07:02.65] No changes detected 
[Mon 11/03/2025 13:27:03.41] No changes detected 
[Mon 11/03/2025 13:37:02.50] No changes detected 
[Mon 11/03/2025 13:47:02.59] No changes detected 
[Mon 11/03/2025 13:57:02.45] No changes detected 
[Mon 11/03/2025 14:07:01.60] No changes detected 
[Mon 11/03/2025 14:17:01.52] No changes detected 
[Mon 11/03/2025 14:37:02.14] No changes detected 
[Mon 11/03/2025 14:47:01.70] No changes detected 
[Mon 11/03/2025 14:57:01.64] No changes detected 
[Mon 11/03/2025 15:07:01.61] No changes detected 
[Mon 11/03/2025 15:27:02.58] No changes detected 
[Mon 11/03/2025 15:37:02.11] No changes detected 
[Mon 11/03/2025 15:47:01.71] No changes detected 
[Mon 11/03/2025 15:57:01.77] No changes detected 
[Mon 11/03/2025 16:07:03.42] No changes detected 
[Mon 11/03/2025 16:27:01.70] No changes detected 
[Mon 11/03/2025 16:37:01.58] No changes detected 
[Mon 11/03/2025 16:47:01.61] No changes detected 
[Mon 11/03/2025 16:57:01.63] No changes detected 
[Mon 11/03/2025 17:07:01.81] No changes detected 
[Mon 11/03/2025 17:17:06.23] No changes detected 
[Mon 11/03/2025 17:27:01.80] No changes detected 
[Mon 11/03/2025 17:37:02.49] No changes detected 
[Mon 11/03/2025 17:47:01.80] No changes detected 
[Mon 11/03/2025 17:57:01.86] No changes detected 
[Mon 11/03/2025 18:07:01.92] No changes detected 
[Mon 11/03/2025 18:17:01.98] No changes detected 
[Mon 11/03/2025 18:27:02.07] No changes detected 
[Mon 11/03/2025 18:54:08.86] No changes detected 
[Mon 11/03/2025 18:57:01.73] No changes detected 
[Mon 11/03/2025 19:07:02.27] No changes detected 
[Mon 11/03/2025 19:17:01.72] No changes detected 
[Mon 11/03/2025 19:27:02.31] No changes detected 
[Mon 11/03/2025 19:37:01.97] No changes detected 
[Mon 11/03/2025 19:47:01.88] No changes detected 
[Mon 11/03/2025 19:57:01.96] No changes detected 
[Mon 11/03/2025 20:07:02.01] No changes detected 
[Mon 11/03/2025 20:17:02.00] No changes detected 
[Mon 11/03/2025 20:27:01.90] No changes detected 
[Mon 11/03/2025 20:37:01.80] No changes detected 
[Mon 11/03/2025 20:47:01.81] No changes detected 
[Mon 11/03/2025 20:57:02.00] No changes detected 
[Mon 11/03/2025 21:07:01.84] No changes detected 
[Mon 11/03/2025 21:17:01.93] No changes detected 
[Tue 11/04/2025 17:07:09.07] No changes detected 
[Tue 11/04/2025 17:17:02.95] No changes detected 
[Tue 11/04/2025 17:27:02.45] No changes detected 
[Tue 11/04/2025 17:37:02.33] No changes detected 
[Tue 11/04/2025 17:47:37.33] No changes detected 
[Tue 11/04/2025 18:07:03.15] No changes detected 
[Tue 11/04/2025 18:17:02.44] No changes detected 
[Tue 11/04/2025 18:27:02.61] No changes detected 
[Tue 11/04/2025 18:37:02.69] No changes detected 
[Tue 11/04/2025 19:17:02.11] No changes detected 
[Tue 11/04/2025 19:27:02.09] No changes detected 
[Tue 11/04/2025 21:07:02.15] No changes detected 
[Tue 11/04/2025 21:27:01.98] No changes detected 
[Wed 11/05/2025 18:07:02.98] No changes detected 
[Wed 11/05/2025 18:17:02.65] No changes detected 
[Wed 11/05/2025 18:27:03.13] No changes detected 
[Wed 11/05/2025 18:37:02.20] No changes detected 
[Wed 11/05/2025 18:47:02.19] No changes detected 
[Wed 11/05/2025 18:57:02.30] No changes detected 
[Wed 11/05/2025 19:17:02.99] No changes detected 
[Wed 11/05/2025 19:27:02.07] No changes detected 
[Wed 11/05/2025 19:37:02.05] No changes detected 
[Wed 11/05/2025 19:47:02.10] No changes detected 
[Wed 11/05/2025 19:57:02.90] No changes detected 
[Wed 11/05/2025 20:07:02.10] No changes detected 
[Wed 11/05/2025 20:17:02.24] No changes detected 
[Wed 11/05/2025 20:27:02.22] No changes detected 
[Fri 11/14/2025 16:37:05.66] No changes detected 
[Fri 11/14/2025 16:47:02.46] No changes detected 
[Fri 11/14/2025 16:57:03.17] No changes detected 
[Fri 11/14/2025 17:07:02.95] No changes detected 
[Fri 11/14/2025 17:27:02.50] No changes detected 
[Fri 11/14/2025 17:37:06.34] No changes detected 
[Fri 11/14/2025 18:47:02.69] No changes detected 
[Fri 11/14/2025 18:57:02.14] No changes detected 
[Fri 11/14/2025 19:07:02.07] No changes detected 
[Fri 11/14/2025 19:17:01.96] No changes detected 
[Fri 11/14/2025 19:27:02.08] No changes detected 
[Fri 11/14/2025 19:37:02.14] No changes detected 
[Fri 11/14/2025 19:47:01.97] No changes detected 
[Fri 11/14/2025 19:57:02.09] No changes detected 
[Fri 11/14/2025 20:17:02.08] No changes detected 
[Fri 11/14/2025 20:37:02.12] No changes detected 
[Sat 11/15/2025  8:07:02.57] No changes detected 
[Sat 11/15/2025  8:17:03.04] No changes detected 
[Sat 11/15/2025  8:27:03.10] No changes detected 
[Sat 11/15/2025  8:37:02.13] No changes detected 
[Sat 11/15/2025  8:47:02.36] No changes detected 
[Sat 11/15/2025  8:57:01.88] No changes detected 
[Sat 11/15/2025  9:07:02.51] No changes detected 
[Sat 11/15/2025  9:17:02.11] No changes detected 
[Sat 11/15/2025  9:27:01.99] No changes detected 
[Sat 11/15/2025  9:37:02.01] No changes detected 
[Sat 11/15/2025  9:57:02.09] No changes detected 
[Sat 11/15/2025 10:17:02.11] No changes detected 
[Sat 11/15/2025 10:27:02.04] No changes detected 
[Sat 11/15/2025 17:27:06.33] No changes detected 
[Sat 11/15/2025 17:37:02.74] No changes detected 
[Sat 11/15/2025 17:57:02.90] No changes detected 
[Sat 11/15/2025 18:07:04.26] No changes detected 
[Sat 11/15/2025 18:27:03.02] No changes detected 
[Sat 11/15/2025 19:17:02.52] No changes detected 
[Sat 11/15/2025 19:37:02.70] No changes detected 
[Sun 11/16/2025  7:47:02.51] No changes detected 
[Sun 11/16/2025  7:57:02.68] No changes detected 
[Sun 11/16/2025  8:07:02.71] No changes detected 
[Sun 11/16/2025  8:17:03.18] No changes detected 
[Sun 11/16/2025  8:27:02.40] No changes detected 
[Sun 11/16/2025  8:47:01.46] No changes detected 
[Sun 11/16/2025  9:07:03.22] No changes detected 
[Sun 11/16/2025  9:27:02.67] No changes detected 
[Sun 11/16/2025  9:37:02.76] No changes detected 
[Sun 11/16/2025  9:47:02.22] No changes detected 
[Sun 11/16/2025  9:57:02.25] No changes detected 
[Sun 11/16/2025 10:17:02.13] No changes detected 
[Sun 11/16/2025 10:37:02.21] No changes detected 
[Sun 11/16/2025 10:57:02.16] No changes detected 
[Sun 11/16/2025 20:07:03.65] No changes detected 
[Sun 11/16/2025 20:17:03.26] No changes detected 
[Sun 11/16/2025 20:27:02.18] No changes detected 
[Sun 11/16/2025 20:37:02.89] No changes detected 
[Mon 11/17/2025 18:17:04.35] No changes detected 
[Mon 11/17/2025 18:57:02.71] No changes detected 
[Mon 11/17/2025 19:17:02.05] No changes detected 
[Tue 11/18/2025 17:57:01.83] No changes detected 
[Tue 11/18/2025 18:07:02.59] No changes detected 
[Tue 11/18/2025 18:17:02.74] No changes detected 
[Tue 11/18/2025 18:47:02.25] No changes detected 
[Tue 11/18/2025 19:07:02.48] No changes detected 
[Wed 11/19/2025 13:57:02.22] No changes detected 
[Wed 11/19/2025 14:07:02.61] No changes detected 
[Wed 11/19/2025 14:17:02.08] No changes detected 
[Wed 11/19/2025 17:47:04.78] No changes detected 
[Wed 11/19/2025 19:37:02.89] No changes detected 
[Wed 11/19/2025 19:47:02.24] No changes detected 
[Wed 11/19/2025 19:57:02.01] No changes detected 
[Wed 11/19/2025 20:07:02.00] No changes detected 
[Wed 11/19/2025 20:17:02.05] No changes detected 
[Wed 11/19/2025 20:27:02.12] No changes detected 
[Wed 11/19/2025 20:37:02.20] No changes detected 
[Wed 11/19/2025 20:57:03.91] No changes detected 
[Thu 11/20/2025 18:17:02.62] No changes detected 
[Thu 11/20/2025 18:37:02.04] No changes detected 
[Thu 11/20/2025 18:47:02.53] No changes detected 
[Thu 11/20/2025 19:07:02.43] No changes detected 
[Thu 11/20/2025 19:27:02.09] No changes detected 
[Thu 11/20/2025 19:47:02.28] No changes detected 
[Thu 11/20/2025 19:57:02.13] No changes detected 
[Thu 11/20/2025 20:17:02.19] No changes detected 
[Thu 11/20/2025 20:27:02.08] No changes detected 
[Thu 11/20/2025 20:47:02.10] No changes detected 
[Thu 11/20/2025 20:57:02.05] No changes detected 
[Fri 11/21/2025 16:57:04.55] No changes detected 
[Fri 11/21/2025 18:37:02.77] No changes detected 
[Fri 11/21/2025 18:47:02.46] No changes detected 
[Fri 11/21/2025 18:57:02.57] No changes detected 
[Fri 11/21/2025 19:47:02.62] No changes detected 
[Fri 11/21/2025 19:57:02.01] No changes detected 
[Fri 11/21/2025 20:07:02.01] No changes detected 
[Fri 11/21/2025 20:17:01.96] No changes detected 
[Fri 11/21/2025 20:27:01.97] No changes detected 
[Fri 11/21/2025 20:37:02.01] No changes detected 
[Fri 11/21/2025 20:47:02.48] No changes detected 
[Fri 11/21/2025 21:07:02.05] No changes detected 
[Sat 11/22/2025  9:07:02.07] No changes detected 
[Sat 11/22/2025  9:17:02.54] No changes detected 
[Sat 11/22/2025  9:37:02.01] No changes detected 
[Sat 11/22/2025  9:47:01.98] No changes detected 
[Sat 11/22/2025  9:57:02.11] No changes detected 
[Sat 11/22/2025 10:07:02.08] No changes detected 
[Sat 11/22/2025 10:27:02.22] No changes detected 
[Sun 11/23/2025 12:17:03.00] No changes detected 
[Sun 11/23/2025 12:27:02.06] No changes detected 
[Sun 11/23/2025 12:37:02.11] No changes detected 
[Sun 11/23/2025 12:47:01.97] No changes detected 
[Sun 11/23/2025 12:57:02.11] No changes detected 
[Sun 11/23/2025 13:07:02.10] No changes detected 
[Sun 11/23/2025 13:17:02.10] No changes detected 
[Sun 11/23/2025 13:27:02.10] No changes detected 
[Sun 11/23/2025 16:57:02.09] No changes detected 
[Sun 11/23/2025 17:07:01.96] No changes detected 
[Sun 11/23/2025 17:17:02.07] No changes detected 
[Sun 11/23/2025 17:37:03.16] No changes detected 
[Sun 11/23/2025 17:57:02.27] No changes detected 
[Sun 11/23/2025 18:17:02.14] No changes detected 
[Sun 11/23/2025 18:37:02.05] No changes detected 
[Sun 11/23/2025 18:57:02.13] No changes detected 
[Sun 11/23/2025 19:17:02.13] No changes detected 
[Sun 11/23/2025 19:37:02.09] No changes detected 
[Sun 11/23/2025 19:57:02.07] No changes detected 
[Sun 11/23/2025 20:17:02.66] No changes detected 
[Sun 11/23/2025 20:37:02.18] No changes detected 
[Sun 11/23/2025 20:57:02.13] No changes detected 
[Mon 11/24/2025 18:17:02.81] No changes detected 
[Mon 11/24/2025 18:27:02.14] No changes detected 
[Mon 11/24/2025 18:37:02.15] No changes detected 
[Mon 11/24/2025 18:57:02.10] No changes detected 
[Mon 11/24/2025 19:07:02.10] No changes detected 
[Mon 11/24/2025 19:17:02.08] No changes detected 
[Wed 11/26/2025  9:07:03.49] No changes detected 
[Wed 11/26/2025  9:17:03.26] No changes detected 
[Wed 11/26/2025 10:47:02.17] No changes detected 
[Wed 11/26/2025 11:07:02.04] No changes detected 
[Wed 11/26/2025 13:07:02.16] No changes detected 
[Wed 11/26/2025 13:27:02.13] No changes detected 
[Thu 11/27/2025 18:07:03.26] No changes detected 
[Thu 11/27/2025 18:27:02.12] No changes detected 
[Thu 11/27/2025 18:47:02.02] No changes detected 
[Thu 11/27/2025 19:07:02.10] No changes detected 
[Thu 11/27/2025 19:27:02.83] No changes detected 
[Thu 11/27/2025 19:47:03.00] No changes detected 
[Thu 11/27/2025 20:07:02.77] No changes detected 
[Thu 11/27/2025 20:27:02.14] No changes detected 
[Thu 11/27/2025 20:47:02.20] No changes detected 
[Thu 11/27/2025 20:57:02.19] No changes detected 
[Thu 11/27/2025 21:17:02.25] No changes detected 
[Thu 11/27/2025 21:27:02.09] No changes detected 
[Fri 11/28/2025  9:27:02.54] No changes detected 
[Fri 11/28/2025 10:07:02.54] No changes detected 
[Fri 11/28/2025 12:47:02.17] No changes detected 
[Fri 11/28/2025 13:07:01.99] No changes detected 
[Fri 11/28/2025 13:27:02.02] No changes detected 
[Fri 11/28/2025 13:47:02.02] No changes detected 
[Fri 11/28/2025 14:07:02.70] No changes detected 
[Sun 11/30/2025 14:27:04.21] No changes detected 
[Sun 11/30/2025 14:47:03.38] No changes detected 
[Sun 11/30/2025 14:57:02.21] No changes detected 
[Sun 11/30/2025 15:17:02.94] No changes detected 
[Sun 11/30/2025 15:37:01.56] No changes detected 
[Sun 11/30/2025 15:47:01.58] No changes detected 
[Sun 11/30/2025 16:07:01.51] No changes detected 
[Sun 11/30/2025 16:17:01.54] No changes detected 
[Sun 11/30/2025 16:37:02.17] No changes detected 
[Sun 11/30/2025 17:37:02.08] No changes detected 
[Sun 11/30/2025 17:57:02.04] No changes detected 
[Sun 11/30/2025 18:57:02.40] No changes detected 
[Sun 11/30/2025 19:17:02.15] No changes detected 
[Sun 11/30/2025 19:37:02.10] No changes detected 
[Sun 11/30/2025 19:57:02.17] No changes detected 
[Sun 11/30/2025 20:17:02.35] No changes detected 
[Sun 11/30/2025 20:37:02.04] No changes detected 
[Sun 11/30/2025 20:47:02.54] No changes detected 
[Mon 12/01/2025 17:57:03.78] No changes detected 
[Mon 12/01/2025 18:17:02.63] No changes detected 
[Mon 12/01/2025 18:37:02.92] No changes detected 
[Mon 12/01/2025 18:57:03.26] No changes detected 
[Mon 12/01/2025 19:17:03.26] No changes detected 
[Mon 12/01/2025 20:07:02.67] No changes detected 
[Mon 12/01/2025 20:27:02.49] No changes detected 
[Mon 12/01/2025 20:57:02.07] No changes detected 
[Tue 12/02/2025  9:27:02.14] No changes detected 
[Tue 12/02/2025  9:47:02.70] No changes detected 
[Tue 12/02/2025 10:07:02.10] No changes detected 
[Tue 12/02/2025 10:27:02.05] No changes detected 
[Tue 12/02/2025 11:07:02.44] No changes detected 
[Tue 12/02/2025 11:27:01.98] No changes detected 
[Tue 12/02/2025 11:37:02.13] No changes detected 
[Tue 12/02/2025 11:57:02.02] No changes detected 
[Tue 12/02/2025 12:17:02.01] No changes detected 
[Tue 12/02/2025 12:27:02.09] No changes detected 
[Tue 12/02/2025 12:47:02.10] No changes detected 
[Tue 12/02/2025 12:57:02.04] No changes detected 
[Tue 12/02/2025 13:07:02.09] No changes detected 
[Tue 12/02/2025 13:27:02.10] No changes detected 
[Tue 12/02/2025 13:47:02.10] No changes detected 
[Tue 12/02/2025 14:07:02.13] No changes detected 
[Tue 12/02/2025 14:27:02.13] No changes detected 
[Tue 12/02/2025 14:47:03.00] No changes detected 
[Tue 12/02/2025 15:07:02.91] No changes detected 
[Tue 12/02/2025 15:27:03.40] No changes detected 
[Tue 12/02/2025 17:17:02.10] No changes detected 
[Tue 12/02/2025 18:47:02.16] No changes detected 
[Tue 12/02/2025 19:07:01.94] No changes detected 
[Tue 12/02/2025 19:17:02.03] No changes detected 
[Tue 12/02/2025 19:37:02.01] No changes detected 
[Wed 12/03/2025 17:47:02.54] No changes detected 
[Wed 12/03/2025 18:07:02.11] No changes detected 
[Wed 12/03/2025 18:47:02.21] No changes detected 
[Wed 12/03/2025 19:47:02.63] No changes detected 
[Wed 12/03/2025 19:57:01.95] No changes detected 
[Wed 12/03/2025 20:07:02.01] No changes detected 
[Wed 12/03/2025 20:17:02.00] No changes detected 
[Wed 12/03/2025 20:37:02.55] No changes detected 
[Thu 12/04/2025 19:47:02.73] No changes detected 
[Thu 12/04/2025 19:57:02.07] No changes detected 
[Thu 12/04/2025 20:07:02.19] No changes detected 
[Fri 12/05/2025 17:07:12.58] No changes detected 
[Fri 12/05/2025 17:27:02.52] No changes detected 
[Fri 12/05/2025 17:37:02.06] No changes detected 
[Fri 12/05/2025 17:47:03.90] No changes detected 
[Fri 12/05/2025 20:47:02.83] No changes detected 
[Fri 12/05/2025 21:07:07.43] No changes detected 
[Fri 12/05/2025 21:27:02.95] No changes detected 
[Fri 12/05/2025 21:47:02.86] No changes detected 
[Fri 12/05/2025 22:07:03.02] No changes detected 
[Sat 12/06/2025 10:07:02.54] No changes detected 
[Sat 12/06/2025 10:27:02.97] No changes detected 
[Sat 12/06/2025 10:37:02.53] No changes detected 
[Sat 12/06/2025 10:57:01.99] No changes detected 
[Sat 12/06/2025 11:07:01.56] No changes detected 
[Sat 12/06/2025 12:57:02.46] No changes detected 
[Sat 12/06/2025 13:17:03.69] No changes detected 
[Sat 12/06/2025 13:37:02.68] No changes detected 
[Sat 12/06/2025 13:57:02.21] No changes detected 
[Sat 12/06/2025 14:17:02.12] No changes detected 
[Sat 12/06/2025 14:37:02.18] No changes detected 
[Sat 12/06/2025 14:57:02.08] No changes detected 
[Mon 12/08/2025 18:17:03.18] No changes detected 
[Mon 12/08/2025 18:37:02.50] No changes detected 
[Mon 12/08/2025 19:07:02.72] No changes detected 
[Mon 12/08/2025 19:17:02.16] No changes detected 
[Mon 12/08/2025 19:37:02.28] No changes detected 
[Tue 12/09/2025 17:47:02.75] No changes detected 
[Wed 12/10/2025 16:47:03.42] No changes detected 
[Wed 12/10/2025 16:57:02.56] No changes detected 
[Wed 12/10/2025 17:47:02.53] No changes detected 
[Thu 12/11/2025 16:37:02.96] No changes detected 
[Thu 12/11/2025 17:57:02.53] No changes detected 
[Thu 12/11/2025 18:17:02.12] No changes detected 
[Thu 12/11/2025 18:27:02.50] No changes detected 
[Fri 12/12/2025  7:07:02.41] No changes detected 
[Fri 12/12/2025  7:27:02.07] No changes detected 
[Fri 12/12/2025  7:47:02.05] No changes detected 
[Fri 12/12/2025  8:07:02.53] No changes detected 
[Fri 12/12/2025 10:07:03.59] No changes detected 
[Fri 12/12/2025 15:47:13.85] No changes detected 
[Fri 12/12/2025 16:07:13.58] No changes detected 
[Fri 12/12/2025 16:27:02.23] No changes detected 
[Fri 12/12/2025 16:47:02.89] No changes detected 
[Fri 12/12/2025 17:07:02.11] No changes detected 
[Fri 12/12/2025 17:27:02.03] No changes detected 
[Fri 12/12/2025 17:47:02.72] No changes detected 
[Fri 12/12/2025 17:57:02.05] No changes detected 
[Fri 12/12/2025 18:17:02.11] No changes detected 
[Fri 12/12/2025 18:37:02.25] No changes detected 
[Fri 12/12/2025 18:57:02.26] No changes detected 
[Fri 12/12/2025 19:17:03.40] No changes detected 
[Fri 12/12/2025 19:37:02.20] No changes detected 
[Fri 12/12/2025 19:57:02.14] No changes detected 
[Fri 12/12/2025 20:17:02.29] No changes detected 
[Fri 12/12/2025 21:27:02.43] No changes detected 
[Fri 12/12/2025 21:47:01.97] No changes detected 
[Sat 12/13/2025  9:17:01.80] No changes detected 
[Sat 12/13/2025  9:27:01.77] No changes detected 
[Sat 12/13/2025  9:37:01.79] No changes detected 
[Sat 12/13/2025  9:47:01.80] No changes detected 
[Sat 12/13/2025 18:07:07.35] No changes detected 
[Sat 12/13/2025 18:27:04.10] No changes detected 
[Sat 12/13/2025 18:47:02.67] No changes detected 
[Sat 12/13/2025 19:07:03.23] No changes detected 
[Sat 12/13/2025 19:27:02.09] No changes detected 
[Sat 12/13/2025 19:47:02.06] No changes detected 
[Sat 12/13/2025 20:07:02.08] No changes detected 
[Sat 12/13/2025 20:27:02.02] No changes detected 
[Sat 12/13/2025 20:37:02.56] No changes detected 
[Sat 12/13/2025 20:57:02.12] No changes detected 
[Sat 12/13/2025 21:17:02.24] No changes detected 
[Sat 12/13/2025 21:37:02.19] No changes detected 
[Sat 12/13/2025 21:57:03.01] No changes detected 
[Sun 12/14/2025  9:47:03.45] No changes detected 
[Sun 12/14/2025 10:07:01.69] No changes detected 
[Sun 12/14/2025 10:27:02.03] No changes detected 
[Sun 12/14/2025 10:37:01.53] No changes detected 
[Sun 12/14/2025 10:57:01.61] No changes detected 
[Sun 12/14/2025 11:17:02.27] No changes detected 
[Sun 12/14/2025 11:27:01.66] No changes detected 
[Sun 12/14/2025 11:37:02.51] No changes detected 
[Sun 12/14/2025 11:57:02.68] No changes detected 
[Sun 12/14/2025 12:17:01.66] No changes detected 
[Sun 12/14/2025 12:27:01.64] No changes detected 
[Sun 12/14/2025 12:37:01.64] No changes detected 
[Sun 12/14/2025 12:47:01.62] No changes detected 
[Sun 12/14/2025 13:07:01.66] No changes detected 
[Sun 12/14/2025 13:17:01.68] No changes detected 
[Sun 12/14/2025 13:27:01.62] No changes detected 
[Sun 12/14/2025 13:37:01.78] No changes detected 
[Sun 12/14/2025 13:57:01.74] No changes detected 
[Sun 12/14/2025 14:07:01.73] No changes detected 
[Sun 12/14/2025 15:07:02.71] No changes detected 
[Sun 12/14/2025 15:17:02.33] No changes detected 
[Sun 12/14/2025 15:37:02.03] No changes detected 
[Sun 12/14/2025 17:07:02.71] No changes detected 
[Sun 12/14/2025 17:27:02.00] No changes detected 
[Sun 12/14/2025 17:47:02.10] No changes detected 
[Sun 12/14/2025 18:07:09.09] No changes detected 
[Sun 12/14/2025 18:27:02.07] No changes detected 
[Sun 12/14/2025 18:47:02.15] No changes detected 
[Sun 12/14/2025 19:07:02.17] No changes detected 
[Sun 12/14/2025 19:27:02.20] No changes detected 
[Sun 12/14/2025 19:47:02.16] No changes detected 
[Sun 12/14/2025 20:07:02.16] No changes detected 
[Mon 12/15/2025  9:47:02.74] No changes detected 
[Mon 12/15/2025 10:07:02.60] No changes detected 
[Mon 12/15/2025 10:27:02.77] No changes detected 
[Mon 12/15/2025 10:47:01.99] No changes detected 
[Mon 12/15/2025 10:57:01.99] No changes detected 
[Mon 12/15/2025 11:07:02.10] No changes detected 
[Mon 12/15/2025 11:17:02.11] No changes detected 
[Mon 12/15/2025 11:27:03.35] No changes detected 
[Mon 12/15/2025 11:47:02.74] No changes detected 
[Mon 12/15/2025 11:57:02.60] No changes detected 
[Mon 12/15/2025 17:57:02.59] No changes detected 
[Mon 12/15/2025 18:17:03.54] No changes detected 
[Mon 12/15/2025 18:37:02.35] No changes detected 
[Mon 12/15/2025 18:57:02.61] No changes detected 
[Mon 12/15/2025 19:17:02.16] No changes detected 
[Tue 12/16/2025 17:37:02.64] No changes detected 
[Tue 12/16/2025 17:47:03.48] No changes detected 
[Tue 12/16/2025 18:07:02.62] No changes detected 
[Tue 12/16/2025 19:17:02.60] No changes detected 
[Tue 12/16/2025 19:37:02.79] No changes detected 
[Tue 12/16/2025 19:57:02.05] No changes detected 
[Tue 12/16/2025 20:17:02.71] No changes detected 
[Tue 12/16/2025 20:37:02.43] No changes detected 
[Tue 12/16/2025 20:57:02.30] No changes detected 
[Wed 12/17/2025 16:57:01.71] No changes detected 
[Wed 12/17/2025 17:07:02.18] No changes detected 
[Wed 12/17/2025 17:27:01.64] No changes detected 
[Wed 12/17/2025 17:37:01.62] No changes detected 
[Wed 12/17/2025 17:47:01.72] No changes detected 
[Wed 12/17/2025 18:37:02.83] No changes detected 
[Wed 12/17/2025 18:57:02.15] No changes detected 
[Wed 12/17/2025 19:17:02.49] No changes detected 
[Thu 12/18/2025 17:37:03.09] No changes detected 
[Thu 12/18/2025 17:47:02.94] No changes detected 
[Thu 12/18/2025 18:07:01.52] No changes detected 
[Thu 12/18/2025 18:27:01.63] No changes detected 
[Thu 12/18/2025 18:47:01.79] No changes detected 
[Thu 12/18/2025 19:07:02.06] No changes detected 
[Thu 12/18/2025 19:27:02.46] No changes detected 
[Thu 12/18/2025 19:47:01.60] No changes detected 
[Thu 12/18/2025 19:57:01.59] No changes detected 
[Thu 12/18/2025 20:07:01.68] No changes detected 
[Thu 12/18/2025 20:27:01.72] No changes detected 
[Thu 12/18/2025 20:47:02.08] No changes detected 
[Thu 12/18/2025 21:07:02.06] No changes detected 
[Sun 12/21/2025 10:27:08.33] No changes detected 
[Sun 12/21/2025 10:37:03.10] No changes detected 
[Sun 12/21/2025 10:57:02.70] No changes detected 
[Sun 12/21/2025 11:17:02.08] No changes detected 
[Sun 12/21/2025 11:37:02.04] No changes detected 
[Sun 12/21/2025 11:57:02.09] No changes detected 
[Sun 12/21/2025 12:17:02.16] No changes detected 
[Sun 12/21/2025 12:37:02.47] No changes detected 
[Sun 12/21/2025 12:57:02.60] No changes detected 
[Sun 12/21/2025 13:17:02.14] No changes detected 
[Sun 12/21/2025 13:37:02.07] No changes detected 
[Sun 12/21/2025 13:57:02.09] No changes detected 
[Sun 12/21/2025 14:17:03.35] No changes detected 
[Sun 12/21/2025 14:37:03.00] No changes detected 
[Sun 12/21/2025 16:27:02.48] No changes detected 
[Mon 12/22/2025 19:37:02.02] No changes detected 
[Mon 12/22/2025 19:57:37.02] No changes detected 
[Mon 12/22/2025 20:17:02.11] No changes detected 
[Mon 12/22/2025 20:37:01.54] No changes detected 
[Tue 12/23/2025  8:07:02.53] No changes detected 
[Tue 12/23/2025 14:07:02.86] No changes detected 
[Tue 12/23/2025 14:27:02.50] No changes detected 
[Tue 12/23/2025 14:37:02.39] No changes detected 
[Tue 12/23/2025 14:57:02.44] No changes detected 
[Tue 12/23/2025 15:47:02.56] No changes detected 
[Tue 12/23/2025 16:07:02.73] No changes detected 
[Tue 12/23/2025 16:27:01.98] No changes detected 
[Tue 12/23/2025 16:37:01.98] No changes detected 
[Tue 12/23/2025 16:47:02.01] No changes detected 
[Tue 12/23/2025 17:07:01.99] No changes detected 
[Tue 12/23/2025 17:27:02.01] No changes detected 
[Tue 12/23/2025 17:47:02.04] No changes detected 
[Tue 12/23/2025 18:07:02.02] No changes detected 
[Tue 12/23/2025 18:27:02.07] No changes detected 
[Tue 12/23/2025 18:47:02.12] No changes detected 
[Tue 12/23/2025 19:07:02.10] No changes detected 
[Tue 12/23/2025 19:17:02.70] No changes detected 
[Tue 12/23/2025 20:17:02.80] No changes detected 
[Wed 12/24/2025  8:27:03.21] No changes detected 
[Wed 12/24/2025  9:37:02.52] No changes detected 
[Wed 12/24/2025  9:47:02.06] No changes detected 
[Wed 12/24/2025 11:17:02.58] No changes detected 
[Wed 12/24/2025 11:37:02.03] No changes detected 
[Wed 12/24/2025 11:57:01.95] No changes detected 
[Wed 12/24/2025 12:07:02.19] No changes detected 
[Wed 12/24/2025 12:27:02.02] No changes detected 
[Wed 12/24/2025 13:57:02.46] No changes detected 
[Wed 12/24/2025 14:07:02.40] No changes detected 
[Wed 12/24/2025 14:27:02.06] No changes detected 
[Wed 12/24/2025 16:07:02.52] No changes detected 
[Wed 12/24/2025 16:27:02.54] No changes detected 
[Wed 12/24/2025 16:47:01.98] No changes detected 
[Wed 12/24/2025 16:57:01.96] No changes detected 
[Wed 12/24/2025 17:07:02.00] No changes detected 
[Wed 12/24/2025 17:27:02.03] No changes detected 
[Wed 12/24/2025 17:47:02.07] No changes detected 
[Wed 12/24/2025 18:07:02.21] No changes detected 
[Wed 12/24/2025 18:27:02.10] No changes detected 
[Wed 12/24/2025 18:47:02.08] No changes detected 
[Wed 12/24/2025 19:07:02.64] No changes detected 
[Wed 12/24/2025 19:27:02.26] No changes detected 
[Wed 12/24/2025 19:47:02.17] No changes detected 
[Wed 12/24/2025 20:07:02.21] No changes detected 
[Wed 12/24/2025 20:27:02.48] No changes detected 
[Thu 12/25/2025  6:07:10.72] No changes detected 
[Thu 12/25/2025  6:27:02.67] No changes detected 
[Thu 12/25/2025  6:37:01.61] No changes detected 
[Thu 12/25/2025  6:47:01.65] No changes detected 
[Thu 12/25/2025  6:57:01.63] No changes detected 
[Thu 12/25/2025  7:07:01.64] No changes detected 
[Thu 12/25/2025  7:17:01.70] No changes detected 
[Thu 12/25/2025  7:27:01.68] No changes detected 
[Thu 12/25/2025  7:37:01.67] No changes detected 
[Thu 12/25/2025  7:47:01.67] No changes detected 
[Thu 12/25/2025 20:17:02.28] No changes detected 
[Thu 12/25/2025 20:37:02.56] No changes detected 
[Thu 12/25/2025 20:57:02.54] No changes detected 
[Thu 12/25/2025 21:17:02.02] No changes detected 
[Thu 12/25/2025 21:37:02.00] No changes detected 
[Thu 12/25/2025 21:47:02.01] No changes detected 
[Thu 12/25/2025 21:57:02.05] No changes detected 
[Sun 12/28/2025 12:37:02.69] No changes detected 
[Sun 12/28/2025 13:37:02.71] No changes detected 
[Sun 12/28/2025 13:57:02.36] No changes detected 
[Sun 12/28/2025 14:17:02.05] No changes detected 
[Sun 12/28/2025 14:37:02.14] No changes detected 
[Sun 12/28/2025 14:57:02.06] No changes detected 
[Sun 12/28/2025 15:17:02.51] No changes detected 
[Sun 12/28/2025 15:37:02.13] No changes detected 
[Sun 12/28/2025 20:17:02.35] No changes detected 
[Sun 12/28/2025 20:37:02.21] No changes detected 
[Sun 12/28/2025 20:57:02.36] No changes detected 
[Sun 12/28/2025 21:47:02.54] No changes detected 
[Sun 12/28/2025 22:07:02.08] No changes detected 
[Sun 12/28/2025 22:27:01.95] No changes detected 
[Mon 12/29/2025  9:27:02.69] No changes detected 
[Mon 12/29/2025  9:47:02.60] No changes detected 
[Mon 12/29/2025 10:07:02.13] No changes detected 
[Mon 12/29/2025 10:27:01.89] No changes detected 
[Mon 12/29/2025 10:37:02.26] No changes detected 
[Mon 12/29/2025 10:57:01.85] No changes detected 
[Mon 12/29/2025 11:07:01.84] No changes detected 
[Mon 12/29/2025 11:17:02.48] No changes detected 
[Mon 12/29/2025 11:37:01.95] No changes detected 
[Mon 12/29/2025 11:47:02.00] No changes detected 
[Mon 12/29/2025 12:07:02.07] No changes detected 
[Mon 12/29/2025 12:27:02.60] No changes detected 
[Mon 12/29/2025 12:47:02.05] No changes detected 
[Mon 12/29/2025 14:57:02.57] No changes detected 
[Mon 12/29/2025 15:17:01.97] No changes detected 
[Mon 12/29/2025 15:27:01.99] No changes detected 
[Mon 12/29/2025 15:47:01.95] No changes detected 
[Mon 12/29/2025 15:57:02.03] No changes detected 
[Mon 12/29/2025 16:17:02.41] No changes detected 
[Mon 12/29/2025 16:37:01.98] No changes detected 
[Mon 12/29/2025 16:47:02.28] No changes detected 
[Mon 12/29/2025 17:07:02.06] No changes detected 
[Mon 12/29/2025 17:27:02.03] No changes detected 
[Mon 12/29/2025 17:47:02.08] No changes detected 
[Mon 12/29/2025 18:07:02.53] No changes detected 
[Mon 12/29/2025 18:27:02.19] No changes detected 
[Mon 12/29/2025 18:37:02.22] No changes detected 
[Mon 12/29/2025 18:57:02.82] No changes detected 
[Mon 12/29/2025 19:17:02.18] No changes detected 
[Mon 12/29/2025 19:27:02.12] No changes detected 
[Mon 12/29/2025 19:47:02.13] No changes detected 
[Mon 12/29/2025 20:07:02.15] No changes detected 
[Mon 12/29/2025 20:27:02.35] No changes detected 
[Mon 12/29/2025 20:47:02.39] No changes detected 
[Mon 12/29/2025 20:57:02.45] No changes detected 
[Mon 12/29/2025 21:17:02.42] No changes detected 
[Tue 12/30/2025  9:57:03.27] No changes detected 
[Tue 12/30/2025 10:17:01.63] No changes detected 
[Tue 12/30/2025 10:37:01.54] No changes detected 
[Tue 12/30/2025 10:47:01.46] No changes detected 
[Tue 12/30/2025 11:07:01.45] No changes detected 
[Tue 12/30/2025 11:27:01.52] No changes detected 
[Tue 12/30/2025 11:47:01.58] No changes detected 
[Tue 12/30/2025 12:07:01.52] No changes detected 
[Tue 12/30/2025 12:27:01.56] No changes detected 
[Tue 12/30/2025 12:47:01.60] No changes detected 
[Tue 12/30/2025 13:07:01.58] No changes detected 
[Tue 12/30/2025 13:27:01.54] No changes detected 
[Tue 12/30/2025 13:47:01.64] No changes detected 
[Tue 12/30/2025 13:57:01.67] No changes detected 
[Tue 12/30/2025 14:17:01.64] No changes detected 
[Tue 12/30/2025 14:47:01.74] No changes detected 
[Tue 12/30/2025 15:37:02.68] No changes detected 
[Tue 12/30/2025 15:57:02.52] No changes detected 
[Tue 12/30/2025 16:17:01.98] No changes detected 
[Tue 12/30/2025 16:27:01.99] No changes detected 
[Tue 12/30/2025 16:37:02.08] No changes detected 
[Tue 12/30/2025 16:57:02.23] No changes detected 
[Tue 12/30/2025 17:17:02.14] No changes detected 
[Tue 12/30/2025 17:37:02.46] No changes detected 
[Tue 12/30/2025 17:47:02.04] No changes detected 
[Tue 12/30/2025 18:07:02.56] No changes detected 
[Tue 12/30/2025 18:27:02.04] No changes detected 
[Tue 12/30/2025 18:37:02.16] No changes detected 
[Tue 12/30/2025 18:47:02.17] No changes detected 
[Tue 12/30/2025 19:07:03.49] No changes detected 
[Tue 12/30/2025 19:27:02.80] No changes detected 
[Tue 12/30/2025 19:47:02.26] No changes detected 
[Tue 12/30/2025 20:07:02.15] No changes detected 
[Tue 12/30/2025 20:27:02.28] No changes detected 
[Tue 12/30/2025 20:47:03.60] No changes detected 
[Wed 12/31/2025  9:17:03.08] No changes detected 
[Wed 12/31/2025 10:47:02.57] No changes detected 
[Thu 01/01/2026 15:37:02.34] No changes detected 
[Thu 01/01/2026 16:47:02.48] No changes detected 
[Thu 01/01/2026 16:57:02.00] No changes detected 
[Thu 01/01/2026 17:17:02.44] No changes detected 
[Thu 01/01/2026 17:37:02.13] No changes detected 
[Thu 01/01/2026 17:47:02.15] No changes detected 
[Thu 01/01/2026 17:57:02.11] No changes detected 
[Thu 01/01/2026 18:17:02.01] No changes detected 
[Thu 01/01/2026 18:37:02.06] No changes detected 
[Thu 01/01/2026 18:57:02.11] No changes detected 
[Thu 01/01/2026 19:07:02.10] No changes detected 
[Thu 01/01/2026 19:27:02.06] No changes detected 
[Thu 01/01/2026 19:47:02.59] No changes detected 
[Thu 01/01/2026 20:07:02.17] No changes detected 
[Thu 01/01/2026 20:17:02.21] No changes detected 
[Thu 01/01/2026 20:37:02.35] No changes detected 
[Thu 01/01/2026 21:07:02.50] No changes detected 
[Thu 01/01/2026 21:27:01.96] No changes detected 
[Thu 01/01/2026 21:37:02.03] No changes detected 
[Fri 01/02/2026  9:27:03.04] No changes detected 
[Fri 01/02/2026  9:47:02.94] No changes detected 
[Fri 01/02/2026 10:07:02.38] No changes detected 
[Fri 01/02/2026 10:27:02.13] No changes detected 
[Fri 01/02/2026 10:47:02.24] No changes detected 
[Fri 01/02/2026 11:07:02.15] No changes detected 
[Fri 01/02/2026 11:27:02.17] No changes detected 
[Fri 01/02/2026 11:47:02.17] No changes detected 
[Fri 01/02/2026 12:07:02.76] No changes detected 
[Fri 01/02/2026 12:17:02.24] No changes detected 
[Fri 01/02/2026 12:37:02.30] No changes detected 
[Fri 01/02/2026 12:57:02.22] No changes detected 
[Fri 01/02/2026 13:17:02.34] No changes detected 
[Fri 01/02/2026 13:37:02.31] No changes detected 
[Fri 01/02/2026 13:57:02.37] No changes detected 
[Fri 01/02/2026 14:17:02.44] No changes detected 
[Fri 01/02/2026 14:37:02.36] No changes detected 
[Fri 01/02/2026 14:57:02.36] No changes detected 
[Fri 01/02/2026 15:17:02.35] No changes detected 
[Fri 01/02/2026 15:37:02.45] No changes detected 
[Fri 01/02/2026 15:57:02.47] No changes detected 
[Fri 01/02/2026 16:17:02.51] No changes detected 
[Fri 01/02/2026 16:37:02.54] No changes detected 
[Fri 01/02/2026 16:57:01.54] No changes detected 
[Fri 01/02/2026 17:17:01.47] No changes detected 
[Fri 01/02/2026 17:37:01.49] No changes detected 
[Fri 01/02/2026 17:57:02.04] No changes detected 
[Fri 01/02/2026 18:17:01.52] No changes detected 
[Fri 01/02/2026 18:47:01.53] No changes detected 
[Fri 01/02/2026 18:57:07.34] No changes detected 
[Fri 01/02/2026 19:27:03.62] No changes detected 
[Fri 01/02/2026 19:47:01.56] No changes detected 
[Fri 01/02/2026 19:57:03.40] No changes detected 
[Fri 01/02/2026 20:17:02.42] No changes detected 
[Fri 01/02/2026 20:37:02.50] No changes detected 
[Fri 01/02/2026 20:47:02.76] No changes detected 
[Fri 01/02/2026 21:07:02.69] No changes detected 
[Fri 01/02/2026 21:27:02.60] No changes detected 
[Fri 01/02/2026 21:47:02.98] No changes detected 
[Fri 01/02/2026 21:57:01.53] No changes detected 
[Fri 01/02/2026 22:17:01.92] No changes detected 
[Sat 01/03/2026  8:17:02.84] No changes detected 
[Sat 01/03/2026  8:37:03.73] No changes detected 
[Sat 01/03/2026  8:57:01.93] No changes detected 
[Sat 01/03/2026  9:07:02.37] No changes detected 
[Sat 01/03/2026  9:27:02.03] No changes detected 
[Sat 01/03/2026  9:37:02.02] No changes detected 
[Sat 01/03/2026  9:57:02.09] No changes detected 
[Sat 01/03/2026 10:17:02.85] No changes detected 
[Sat 01/03/2026 10:27:02.36] No changes detected 
[Sat 01/03/2026 12:37:02.38] No changes detected 
[Sat 01/03/2026 12:57:01.99] No changes detected 
[Sat 01/03/2026 13:17:01.97] No changes detected 
[Sat 01/03/2026 13:27:02.04] No changes detected 
[Sat 01/03/2026 13:47:02.05] No changes detected 
[Sat 01/03/2026 14:07:02.07] No changes detected 
[Thu 01/08/2026 17:57:02.76] No changes detected 
[Thu 01/08/2026 18:27:02.47] No changes detected 
[Thu 01/08/2026 18:47:03.34] No changes detected 
[Thu 01/08/2026 19:07:02.98] No changes detected 
[Thu 01/08/2026 19:27:02.15] No changes detected 
[Thu 01/08/2026 19:47:02.19] No changes detected 
[Thu 01/08/2026 20:07:02.17] No changes detected 
[Thu 01/08/2026 20:27:02.25] No changes detected 
[Fri 01/09/2026 16:27:02.57] No changes detected 
[Fri 01/09/2026 16:47:02.47] No changes detected 
[Fri 01/09/2026 17:07:02.29] No changes detected 
[Fri 01/09/2026 17:27:02.01] No changes detected 
[Fri 01/09/2026 17:47:02.37] No changes detected 
[Fri 01/09/2026 18:07:02.38] No changes detected 
[Fri 01/09/2026 18:27:02.04] No changes detected 
[Fri 01/09/2026 18:47:02.52] No changes detected 
[Fri 01/09/2026 19:07:02.21] No changes detected 
[Fri 01/09/2026 19:27:02.17] No changes detected 
[Fri 01/09/2026 19:47:02.10] No changes detected 
[Fri 01/09/2026 20:07:02.15] No changes detected 
[Fri 01/09/2026 20:27:02.18] No changes detected 
[Fri 01/09/2026 20:47:02.17] No changes detected 
[Sat 01/10/2026  9:07:02.68] No changes detected 
[Sat 01/10/2026  9:27:02.58] No changes detected 
[Sat 01/10/2026  9:47:01.97] No changes detected 
[Sat 01/10/2026  9:57:01.90] No changes detected 
[Sat 01/10/2026 10:07:01.90] No changes detected 
[Sat 01/10/2026 10:17:01.90] No changes detected 
[Sat 01/10/2026 10:27:01.92] No changes detected 
[Sat 01/10/2026 10:37:01.95] No changes detected 
[Sat 01/10/2026 10:47:01.92] No changes detected 
[Sat 01/10/2026 10:57:01.91] No changes detected 
[Sat 01/10/2026 11:07:01.96] No changes detected 
[Tue 01/13/2026 17:47:03.10] No changes detected 
[Tue 01/13/2026 18:07:02.03] No changes detected 
[Tue 01/13/2026 18:27:02.59] No changes detected 
[Fri 01/16/2026 18:57:13.53] No changes detected 
[Fri 01/16/2026 19:17:03.75] No changes detected 
[Fri 01/16/2026 19:37:01.94] No changes detected 
[Fri 01/16/2026 19:47:01.87] No changes detected 
[Fri 01/16/2026 19:57:02.51] No changes detected 
[Fri 01/16/2026 20:17:01.97] No changes detected 
[Fri 01/16/2026 20:27:13.44] No changes detected 
[Fri 01/16/2026 20:47:03.32] No changes detected 
[Fri 01/16/2026 21:07:02.98] No changes detected 
[Sat 01/17/2026  8:07:02.05] No changes detected 
[Sat 01/17/2026  9:17:02.14] No changes detected 
[Sat 01/17/2026  9:37:02.01] No changes detected 
[Sat 01/17/2026  9:57:02.57] No changes detected 
[Sat 01/17/2026 10:17:02.11] No changes detected 
[Sat 01/17/2026 10:37:02.06] No changes detected 
[Sat 01/17/2026 11:07:02.79] No changes detected 
[Sat 01/17/2026 11:27:02.04] No changes detected 
